This is pdfTeX, Version 3.1415926-2.4-1.40.13 (TeX Live 2012) (format=pdflatex 2012.6.30)  29 NOV 2012 11:34
entering extended mode
 restricted \write18 enabled.
 %&-line parsing enabled.
**report.tex
(./report.tex
LaTeX2e <2011/06/27>
Babel <v3.8m> and hyphenation patterns for english, dumylang, nohyphenation, ge
rman-x-2012-05-30, ngerman-x-2012-05-30, afrikaans, ancientgreek, ibycus, arabi
c, armenian, basque, bulgarian, catalan, pinyin, coptic, croatian, czech, danis
h, dutch, ukenglish, usenglishmax, esperanto, estonian, ethiopic, farsi, finnis
h, french, friulan, galician, german, ngerman, swissgerman, monogreek, greek, h
ungarian, icelandic, assamese, bengali, gujarati, hindi, kannada, malayalam, ma
rathi, oriya, panjabi, tamil, telugu, indonesian, interlingua, irish, italian, 
kurmanji, latin, latvian, lithuanian, mongolian, mongolianlmc, bokmal, nynorsk,
 polish, portuguese, romanian, romansh, russian, sanskrit, serbian, serbianc, s
lovak, slovenian, spanish, swedish, turkish, turkmen, ukrainian, uppersorbian, 
welsh, loaded.
(/usr/local/texlive/2012/texmf-dist/tex/latex/base/article.cls
Document Class: article 2007/10/19 v1.4h Standard LaTeX document class
(/usr/local/texlive/2012/texmf-dist/tex/latex/base/size12.clo
File: size12.clo 2007/10/19 v1.4h Standard LaTeX file (size option)
)
\c@part=\count79
\c@section=\count80
\c@subsection=\count81
\c@subsubsection=\count82
\c@paragraph=\count83
\c@subparagraph=\count84
\c@figure=\count85
\c@table=\count86
\abovecaptionskip=\skip41
\belowcaptionskip=\skip42
\bibindent=\dimen102
)
(/usr/local/texlive/2012/texmf-dist/tex/latex/amsmath/amsmath.sty
Package: amsmath 2000/07/18 v2.13 AMS math features
\@mathmargin=\skip43

For additional information on amsmath, use the `?' option.
(/usr/local/texlive/2012/texmf-dist/tex/latex/amsmath/amstext.sty
Package: amstext 2000/06/29 v2.01

(/usr/local/texlive/2012/texmf-dist/tex/latex/amsmath/amsgen.sty
File: amsgen.sty 1999/11/30 v2.0
\@emptytoks=\toks14
\ex@=\dimen103
))
(/usr/local/texlive/2012/texmf-dist/tex/latex/amsmath/amsbsy.sty
Package: amsbsy 1999/11/29 v1.2d
\pmbraise@=\dimen104
)
(/usr/local/texlive/2012/texmf-dist/tex/latex/amsmath/amsopn.sty
Package: amsopn 1999/12/14 v2.01 operator names
)
\inf@bad=\count87
LaTeX Info: Redefining \frac on input line 211.
\uproot@=\count88
\leftroot@=\count89
LaTeX Info: Redefining \overline on input line 307.
\classnum@=\count90
\DOTSCASE@=\count91
LaTeX Info: Redefining \ldots on input line 379.
LaTeX Info: Redefining \dots on input line 382.
LaTeX Info: Redefining \cdots on input line 467.
\Mathstrutbox@=\box26
\strutbox@=\box27
\big@size=\dimen105
LaTeX Font Info:    Redeclaring font encoding OML on input line 567.
LaTeX Font Info:    Redeclaring font encoding OMS on input line 568.
\macc@depth=\count92
\c@MaxMatrixCols=\count93
\dotsspace@=\muskip10
\c@parentequation=\count94
\dspbrk@lvl=\count95
\tag@help=\toks15
\row@=\count96
\column@=\count97
\maxfields@=\count98
\andhelp@=\toks16
\eqnshift@=\dimen106
\alignsep@=\dimen107
\tagshift@=\dimen108
\tagwidth@=\dimen109
\totwidth@=\dimen110
\lineht@=\dimen111
\@envbody=\toks17
\multlinegap=\skip44
\multlinetaggap=\skip45
\mathdisplay@stack=\toks18
LaTeX Info: Redefining \[ on input line 2666.
LaTeX Info: Redefining \] on input line 2667.
)
(/usr/local/texlive/2012/texmf-dist/tex/latex/amsfonts/amssymb.sty
Package: amssymb 2009/06/22 v3.00

(/usr/local/texlive/2012/texmf-dist/tex/latex/amsfonts/amsfonts.sty
Package: amsfonts 2009/06/22 v3.00 Basic AMSFonts support
\symAMSa=\mathgroup4
\symAMSb=\mathgroup5
LaTeX Font Info:    Overwriting math alphabet `\mathfrak' in version `bold'
(Font)                  U/euf/m/n --> U/euf/b/n on input line 96.
))
(/usr/local/texlive/2012/texmf-dist/tex/latex/graphics/graphicx.sty
Package: graphicx 1999/02/16 v1.0f Enhanced LaTeX Graphics (DPC,SPQR)

(/usr/local/texlive/2012/texmf-dist/tex/latex/graphics/keyval.sty
Package: keyval 1999/03/16 v1.13 key=value parser (DPC)
\KV@toks@=\toks19
)
(/usr/local/texlive/2012/texmf-dist/tex/latex/graphics/graphics.sty
Package: graphics 2009/02/05 v1.0o Standard LaTeX Graphics (DPC,SPQR)

(/usr/local/texlive/2012/texmf-dist/tex/latex/graphics/trig.sty
Package: trig 1999/03/16 v1.09 sin cos tan (DPC)
)
(/usr/local/texlive/2012/texmf-dist/tex/latex/latexconfig/graphics.cfg
File: graphics.cfg 2010/04/23 v1.9 graphics configuration of TeX Live
)
Package graphics Info: Driver file: dvips.def on input line 91.

(/usr/local/texlive/2012/texmf-dist/tex/latex/graphics/dvips.def
File: dvips.def 1999/02/16 v3.0i Driver-dependant file (DPC,SPQR)
))
\Gin@req@height=\dimen112
\Gin@req@width=\dimen113
)
(/usr/local/texlive/2012/texmf-dist/tex/latex/tools/verbatim.sty
Package: verbatim 2003/08/22 v1.5q LaTeX2e package for verbatim enhancements
\every@verbatim=\toks20
\verbatim@line=\toks21
\verbatim@in@stream=\read1
)
(/usr/local/texlive/2012/texmf-dist/tex/latex/graphics/color.sty
Package: color 2005/11/14 v1.0j Standard LaTeX Color (DPC)

(/usr/local/texlive/2012/texmf-dist/tex/latex/latexconfig/color.cfg
File: color.cfg 2007/01/18 v1.5 color configuration of teTeX/TeXLive
)
Package color Info: Driver file: pdftex.def on input line 130.

(/usr/local/texlive/2012/texmf-dist/tex/latex/pdftex-def/pdftex.def
File: pdftex.def 2011/05/27 v0.06d Graphics/color for pdfTeX

(/usr/local/texlive/2012/texmf-dist/tex/generic/oberdiek/infwarerr.sty
Package: infwarerr 2010/04/08 v1.3 Providing info/warning/error messages (HO)
)
(/usr/local/texlive/2012/texmf-dist/tex/generic/oberdiek/ltxcmds.sty
Package: ltxcmds 2011/11/09 v1.22 LaTeX kernel commands for general use (HO)
)
\Gread@gobject=\count99
))
(/usr/local/texlive/2012/texmf-dist/tex/latex/hyperref/hyperref.sty
Package: hyperref 2012/05/13 v6.82q Hypertext links for LaTeX

(/usr/local/texlive/2012/texmf-dist/tex/generic/oberdiek/hobsub-hyperref.sty
Package: hobsub-hyperref 2012/05/28 v1.13 Bundle oberdiek, subset hyperref (HO)


(/usr/local/texlive/2012/texmf-dist/tex/generic/oberdiek/hobsub-generic.sty
Package: hobsub-generic 2012/05/28 v1.13 Bundle oberdiek, subset generic (HO)
Package: hobsub 2012/05/28 v1.13 Construct package bundles (HO)
Package hobsub Info: Skipping package `infwarerr' (already loaded).
Package hobsub Info: Skipping package `ltxcmds' (already loaded).
Package: ifluatex 2010/03/01 v1.3 Provides the ifluatex switch (HO)
Package ifluatex Info: LuaTeX not detected.
Package: ifvtex 2010/03/01 v1.5 Detect VTeX and its facilities (HO)
Package ifvtex Info: VTeX not detected.
Package: intcalc 2007/09/27 v1.1 Expandable calculations with integers (HO)
Package: ifpdf 2011/01/30 v2.3 Provides the ifpdf switch (HO)
Package ifpdf Info: pdfTeX in PDF mode is detected.
Package: etexcmds 2011/02/16 v1.5 Avoid name clashes with e-TeX commands (HO)
Package etexcmds Info: Could not find \expanded.
(etexcmds)             That can mean that you are not using pdfTeX 1.50 or
(etexcmds)             that some package has redefined \expanded.
(etexcmds)             In the latter case, load this package earlier.
Package: kvsetkeys 2012/04/25 v1.16 Key value parser (HO)
Package: kvdefinekeys 2011/04/07 v1.3 Define keys (HO)
Package: pdftexcmds 2011/11/29 v0.20 Utility functions of pdfTeX for LuaTeX (HO
)
Package pdftexcmds Info: LuaTeX not detected.
Package pdftexcmds Info: \pdf@primitive is available.
Package pdftexcmds Info: \pdf@ifprimitive is available.
Package pdftexcmds Info: \pdfdraftmode found.
Package: pdfescape 2011/11/25 v1.13 Implements pdfTeX's escape features (HO)
Package: bigintcalc 2012/04/08 v1.3 Expandable calculations on big integers (HO
)
Package: bitset 2011/01/30 v1.1 Handle bit-vector datatype (HO)
Package: uniquecounter 2011/01/30 v1.2 Provide unlimited unique counter (HO)
)
Package hobsub Info: Skipping package `hobsub' (already loaded).
Package: letltxmacro 2010/09/02 v1.4 Let assignment for LaTeX macros (HO)
Package: hopatch 2012/05/28 v1.2 Wrapper for package hooks (HO)
Package: xcolor-patch 2011/01/30 xcolor patch
Package: atveryend 2011/06/30 v1.8 Hooks at the very end of document (HO)
Package atveryend Info: \enddocument detected (standard20110627).
Package: atbegshi 2011/10/05 v1.16 At begin shipout hook (HO)
Package: refcount 2011/10/16 v3.4 Data extraction from label references (HO)
Package: hycolor 2011/01/30 v1.7 Color options for hyperref/bookmark (HO)
)
(/usr/local/texlive/2012/texmf-dist/tex/generic/ifxetex/ifxetex.sty
Package: ifxetex 2010/09/12 v0.6 Provides ifxetex conditional
)
(/usr/local/texlive/2012/texmf-dist/tex/latex/oberdiek/kvoptions.sty
Package: kvoptions 2011/06/30 v3.11 Key value format for package options (HO)
)
\@linkdim=\dimen114
\Hy@linkcounter=\count100
\Hy@pagecounter=\count101

(/usr/local/texlive/2012/texmf-dist/tex/latex/hyperref/pd1enc.def
File: pd1enc.def 2012/05/13 v6.82q Hyperref: PDFDocEncoding definition (HO)
)
\Hy@SavedSpaceFactor=\count102

(/usr/local/texlive/2012/texmf-dist/tex/latex/latexconfig/hyperref.cfg
File: hyperref.cfg 2002/06/06 v1.2 hyperref configuration of TeXLive
)
Package hyperref Info: Hyper figures OFF on input line 4062.
Package hyperref Info: Link nesting OFF on input line 4067.
Package hyperref Info: Hyper index ON on input line 4070.
Package hyperref Info: Plain pages OFF on input line 4077.
Package hyperref Info: Backreferencing OFF on input line 4082.
Package hyperref Info: Implicit mode ON; LaTeX internals redefined.
Package hyperref Info: Bookmarks ON on input line 4300.
\c@Hy@tempcnt=\count103

(/usr/local/texlive/2012/texmf-dist/tex/latex/url/url.sty
\Urlmuskip=\muskip11
Package: url 2006/04/12  ver 3.3  Verb mode for urls, etc.
)
LaTeX Info: Redefining \url on input line 4653.
\Fld@menulength=\count104
\Field@Width=\dimen115
\Fld@charsize=\dimen116
Package hyperref Info: Hyper figures OFF on input line 5773.
Package hyperref Info: Link nesting OFF on input line 5778.
Package hyperref Info: Hyper index ON on input line 5781.
Package hyperref Info: backreferencing OFF on input line 5788.
Package hyperref Info: Link coloring OFF on input line 5793.
Package hyperref Info: Link coloring with OCG OFF on input line 5798.
Package hyperref Info: PDF/A mode OFF on input line 5803.
LaTeX Info: Redefining \ref on input line 5843.
LaTeX Info: Redefining \pageref on input line 5847.
\Hy@abspage=\count105
\c@Item=\count106
\c@Hfootnote=\count107
)

Package hyperref Message: Driver (autodetected): hpdftex.

(/usr/local/texlive/2012/texmf-dist/tex/latex/hyperref/hpdftex.def
File: hpdftex.def 2012/05/13 v6.82q Hyperref driver for pdfTeX
\Fld@listcount=\count108
\c@bookmark@seq@number=\count109

(/usr/local/texlive/2012/texmf-dist/tex/latex/oberdiek/rerunfilecheck.sty
Package: rerunfilecheck 2011/04/15 v1.7 Rerun checks for auxiliary files (HO)
Package uniquecounter Info: New unique counter `rerunfilecheck' on input line 2
82.
)
\Hy@SectionHShift=\skip46
)
(/usr/local/texlive/2012/texmf-dist/tex/latex/graphics/epsfig.sty
Package: epsfig 1999/02/16 v1.7a (e)psfig emulation (SPQR)
\epsfxsize=\dimen117
\epsfysize=\dimen118
)
(/usr/local/texlive/2012/texmf-dist/tex/latex/float/float.sty
Package: float 2001/11/08 v1.3d Float enhancements (AL)
\c@float@type=\count110
\float@exts=\toks22
\float@box=\box28
\@float@everytoks=\toks23
\@floatcapt=\box29
)
(/usr/local/texlive/2012/texmf-dist/tex/latex/psnfss/times.sty
Package: times 2005/04/12 PSNFSS-v9.2a (SPQR) 
)
(/usr/local/texlive/2012/texmf-dist/tex/latex/cite/cite.sty
LaTeX Info: Redefining \cite on input line 302.
LaTeX Info: Redefining \nocite on input line 373.
Package: cite 2010/09/10  v 5.3
)
(/usr/local/texlive/2012/texmf-dist/tex/latex/oberdiek/epstopdf.sty
Package: epstopdf 2010/02/09 v2.5 Conversion with epstopdf on the fly (HO)

(/usr/local/texlive/2012/texmf-dist/tex/latex/oberdiek/epstopdf-base.sty
Package: epstopdf-base 2010/02/09 v2.5 Base part for package epstopdf

(/usr/local/texlive/2012/texmf-dist/tex/latex/oberdiek/grfext.sty
Package: grfext 2010/08/19 v1.1 Manage graphics extensions (HO)
)
Package epstopdf-base Info: Redefining graphics rule for `.eps' on input line 4
34.
Package grfext Info: Graphics extension search list:
(grfext)             [.png,.pdf,.jpg,.mps,.jpeg,.jbig2,.jb2,.PNG,.PDF,.JPG,.JPE
G,.JBIG2,.JB2,.eps]
(grfext)             \AppendGraphicsExtensions on input line 452.

(/usr/local/texlive/2012/texmf-dist/tex/latex/latexconfig/epstopdf-sys.cfg
File: epstopdf-sys.cfg 2010/07/13 v1.3 Configuration of (r)epstopdf for TeX Liv
e
)))
(/usr/local/texlive/2012/texmf-dist/tex/latex/listings/listings.sty
\lst@mode=\count111
\lst@gtempboxa=\box30
\lst@token=\toks24
\lst@length=\count112
\lst@currlwidth=\dimen119
\lst@column=\count113
\lst@pos=\count114
\lst@lostspace=\dimen120
\lst@width=\dimen121
\lst@newlines=\count115
\lst@lineno=\count116
\lst@maxwidth=\dimen122

(/usr/local/texlive/2012/texmf-dist/tex/latex/listings/lstmisc.sty
File: lstmisc.sty 2007/02/22 1.4 (Carsten Heinz)
\c@lstnumber=\count117
\lst@skipnumbers=\count118
\lst@framebox=\box31
)
(/usr/local/texlive/2012/texmf-dist/tex/latex/listings/listings.cfg
File: listings.cfg 2007/02/22 1.4 listings configuration
))
Package: listings 2007/02/22 1.4 (Carsten Heinz)


LaTeX Warning: Unused global option(s):
    [fullpage,doublespace].

(./report.aux

LaTeX Warning: Label `fig:lessReadings' multiply defined.


LaTeX Warning: Label `fig:lessReadings' multiply defined.


LaTeX Warning: Label `fig:lessReadings' multiply defined.


LaTeX Warning: Label `fig:lessReadings' multiply defined.


LaTeX Warning: Label `fig:lessReadings' multiply defined.


LaTeX Warning: Label `fig:lessReadings' multiply defined.


LaTeX Warning: Label `fig:lessReadings' multiply defined.

)
\openout1 = `report.aux'.

LaTeX Font Info:    Checking defaults for OML/cmm/m/it on input line 29.
LaTeX Font Info:    ... okay on input line 29.
LaTeX Font Info:    Checking defaults for T1/cmr/m/n on input line 29.
LaTeX Font Info:    ... okay on input line 29.
LaTeX Font Info:    Checking defaults for OT1/cmr/m/n on input line 29.
LaTeX Font Info:    ... okay on input line 29.
LaTeX Font Info:    Checking defaults for OMS/cmsy/m/n on input line 29.
LaTeX Font Info:    ... okay on input line 29.
LaTeX Font Info:    Checking defaults for OMX/cmex/m/n on input line 29.
LaTeX Font Info:    ... okay on input line 29.
LaTeX Font Info:    Checking defaults for U/cmr/m/n on input line 29.
LaTeX Font Info:    ... okay on input line 29.
LaTeX Font Info:    Checking defaults for PD1/pdf/m/n on input line 29.
LaTeX Font Info:    ... okay on input line 29.
LaTeX Font Info:    Try loading font information for OT1+ptm on input line 29.
 (/usr/local/texlive/2012/texmf-dist/tex/latex/psnfss/ot1ptm.fd
File: ot1ptm.fd 2001/06/04 font definitions for OT1/ptm.
)
(/usr/local/texlive/2012/texmf-dist/tex/context/base/supp-pdf.mkii
[Loading MPS to PDF converter (version 2006.09.02).]
\scratchcounter=\count119
\scratchdimen=\dimen123
\scratchbox=\box32
\nofMPsegments=\count120
\nofMParguments=\count121
\everyMPshowfont=\toks25
\MPscratchCnt=\count122
\MPscratchDim=\dimen124
\MPnumerator=\count123
\makeMPintoPDFobject=\count124
\everyMPtoPDFconversion=\toks26
)
\AtBeginShipoutBox=\box33
Package hyperref Info: Link coloring OFF on input line 29.
 (/usr/local/texlive/2012/texmf-dist/tex/latex/hyperref/nameref.sty
Package: nameref 2010/04/30 v2.40 Cross-referencing by name of section

(/usr/local/texlive/2012/texmf-dist/tex/generic/oberdiek/gettitlestring.sty
Package: gettitlestring 2010/12/03 v1.4 Cleanup title references (HO)
)
\c@section@level=\count125
)
LaTeX Info: Redefining \ref on input line 29.
LaTeX Info: Redefining \pageref on input line 29.
LaTeX Info: Redefining \nameref on input line 29.

(./report.out) (./report.out)
\@outlinefile=\write3
\openout3 = `report.out'.

\c@lstlisting=\count126
 [1

{/usr/local/texlive/2012/texmf-var/fonts/map/pdftex/updmap/pdftex.map}] [2]
Underfull \hbox (badness 10000) in paragraph at lines 76--81

 []


Underfull \hbox (badness 10000) in paragraph at lines 83--84

 []


Underfull \hbox (badness 10000) in paragraph at lines 85--90

 []


Underfull \hbox (badness 10000) in paragraph at lines 92--93

 []


Underfull \hbox (badness 10000) in paragraph at lines 94--99

 []


Underfull \hbox (badness 10000) in paragraph at lines 101--102

 []

[3] [4]
LaTeX Font Info:    Font shape `OT1/ptm/bx/n' in size <20.74> not available
(Font)              Font shape `OT1/ptm/b/n' tried instead on input line 134.
LaTeX Font Info:    Try loading font information for U+msa on input line 134.
 (/usr/local/texlive/2012/texmf-dist/tex/latex/amsfonts/umsa.fd
File: umsa.fd 2009/06/22 v3.00 AMS symbols A
)
LaTeX Font Info:    Try loading font information for U+msb on input line 134.

(/usr/local/texlive/2012/texmf-dist/tex/latex/amsfonts/umsb.fd
File: umsb.fd 2009/06/22 v3.00 AMS symbols B
)
LaTeX Font Info:    Font shape `OT1/ptm/bx/n' in size <14.4> not available
(Font)              Font shape `OT1/ptm/b/n' tried instead on input line 134.
LaTeX Font Info:    Font shape `OT1/ptm/bx/n' in size <12> not available
(Font)              Font shape `OT1/ptm/b/n' tried instead on input line 136.
Missing character: There is no â in font ptmr7t!
Missing character: There is no € in font ptmr7t!
Missing character: There is no ™ in font ptmr7t!

Underfull \hbox (badness 10000) in paragraph at lines 136--137

 []

[5]
LaTeX Font Info:    Font shape `OT1/ptm/bx/n' in size <17.28> not available
(Font)              Font shape `OT1/ptm/b/n' tried instead on input line 139.
Missing character: There is no â in font ptmr7t!
Missing character: There is no € in font ptmr7t!
Missing character: There is no ™ in font ptmr7t!
 <uvSpectrum.png, id=93, 596.2275pt x 242.9075pt>
File: uvSpectrum.png Graphic file (type png)
 <use uvSpectrum.png>
Package pdftex.def Info: uvSpectrum.png used on input line 145.
(pdftex.def)             Requested size: 238.48677pt x 97.16127pt.

[6pdfTeX warning (ext4): destination with the same identifier (name{figure.1}) 
has been already used, duplicate ignored

\AtBegShi@Output ...ipout \box \AtBeginShipoutBox 
                                                  \fi \fi 
l.152 
       <./uvSpectrum.png>] [7]
LaTeX Font Info:    Try loading font information for OMS+ptm on input line 159.


(/usr/local/texlive/2012/texmf-dist/tex/latex/psnfss/omsptm.fd
File: omsptm.fd 
)
LaTeX Font Info:    Font shape `OMS/ptm/m/n' in size <12> not available
(Font)              Font shape `OMS/cmsy/m/n' tried instead on input line 159.
 [8]
<allRoutes.png, id=118, 572.1375pt x 462.72874pt>
File: allRoutes.png Graphic file (type png)
 <use allRoutes.png>
Package pdftex.def Info: allRoutes.png used on input line 181.
(pdftex.def)             Requested size: 228.85094pt x 185.08821pt.

<uvSensor.png, id=121, 450.68375pt x 322.20375pt>
File: uvSensor.png Graphic file (type png)
 <use uvSensor.png>
Package pdftex.def Info: uvSensor.png used on input line 189.
(pdftex.def)             Requested size: 247.87682pt x 177.2126pt.

<gpsLogger.png, id=122, 308.15125pt x 513.92pt>
File: gpsLogger.png Graphic file (type png)
 <use gpsLogger.png>
Package pdftex.def Info: gpsLogger.png used on input line 195.
(pdftex.def)             Requested size: 123.2583pt x 205.56435pt.
 [9pdfTeX warning (ext4): destination with the same identifier (name{figure.2})
 has been already used, duplicate ignored

\AtBegShi@Output ...ipout \box \AtBeginShipoutBox 
                                                  \fi \fi 
l.199 
       <./allRoutes.png>] <dataPoints.png, id=130, 601.24625pt x 444.66125pt>
File: dataPoints.png Graphic file (type png)

<use dataPoints.png>
Package pdftex.def Info: dataPoints.png used on input line 204.
(pdftex.def)             Requested size: 210.43933pt x 155.63376pt.
 [10pdfTeX warning (ext4): destination with the same identifier (name{figure.3}
) has been already used, duplicate ignored

\AtBegShi@Output ...ipout \box \AtBeginShipoutBox 
                                                  \fi \fi 
l.208 
       <./uvSensor.png>] <rawReadings.png, id=140, 515.9275pt x 627.34375pt>
File: rawReadings.png Graphic file (type png)

<use rawReadings.png>
Package pdftex.def Info: rawReadings.png used on input line 213.
(pdftex.def)             Requested size: 232.16522pt x 282.30208pt.
 <transformedData.png, id=142, 324.21124pt x 651.43375pt>
File: transformedData.png Graphic file (type png)

<use transformedData.png>
Package pdftex.def Info: transformedData.png used on input line 218.
(pdftex.def)             Requested size: 145.8937pt x 293.14247pt.
 <gpsReadings.png, id=144, 595.22375pt x 389.455pt>
File: gpsReadings.png Graphic file (type png)

<use gpsReadings.png>
Package pdftex.def Info: gpsReadings.png used on input line 224.
(pdftex.def)             Requested size: 267.84822pt x 175.25313pt.
 <joinedReadings.png, id=146, 656.4525pt x 655.44875pt>
File: joinedReadings.png Graphic file (type png)

<use joinedReadings.png>
Package pdftex.def Info: joinedReadings.png used on input line 230.
(pdftex.def)             Requested size: 295.4009pt x 294.9492pt.
 <dataAnalysis.png, id=148, 552.0625pt x 451.6875pt>
File: dataAnalysis.png Graphic file (type png)

<use dataAnalysis.png>
Package pdftex.def Info: dataAnalysis.png used on input line 236.
(pdftex.def)             Requested size: 248.42583pt x 203.25749pt.
 [11pdfTeX warning (ext4): destination with the same identifier (name{figure.4}
) has been already used, duplicate ignored

\AtBegShi@Output ...ipout \box \AtBeginShipoutBox 
                                                  \fi \fi 
l.240 
       <./gpsLogger.png>] [12pdfTeX warning (ext4): destination with the same i
dentifier (name{figure.5}) has been already used, duplicate ignored

\AtBegShi@Output ...ipout \box \AtBeginShipoutBox 
                                                  \fi \fi 
l.240 
      pdfTeX warning (ext4): destination with the same identifier (name{figure.
6}) has been already used, duplicate ignored

\AtBegShi@Output ...ipout \box \AtBeginShipoutBox 
                                                  \fi \fi 
l.240 
       <./dataPoints.png> <./rawReadings.png>] [13pdfTeX warning (ext4): destin
ation with the same identifier (name{figure.7}) has been already used, duplicat
e ignored

\AtBegShi@Output ...ipout \box \AtBeginShipoutBox 
                                                  \fi \fi 
l.240 
       <./transformedData.png>] [14pdfTeX warning (ext4): destination with the 
same identifier (name{figure.8}) has been already used, duplicate ignored

\AtBegShi@Output ...ipout \box \AtBeginShipoutBox 
                                                  \fi \fi 
l.245 
       <./gpsReadings.png>] [15pdfTeX warning (ext4): destination with the same
 identifier (name{figure.9}) has been already used, duplicate ignored

\AtBegShi@Output ...ipout \box \AtBeginShipoutBox 
                                                  \fi \fi 
l.245 
       <./joinedReadings.png>]
<stepsInALeg.png, id=182, 556.0775pt x 505.89pt>
File: stepsInALeg.png Graphic file (type png)
 <use stepsInALeg.png>
Package pdftex.def Info: stepsInALeg.png used on input line 248.
(pdftex.def)             Requested size: 194.63004pt x 177.06415pt.

<segmentsInAStep.png, id=183, 571.13374pt x 532.99126pt>
File: segmentsInAStep.png Graphic file (type png)

<use segmentsInAStep.png>
Package pdftex.def Info: segmentsInAStep.png used on input line 254.
(pdftex.def)             Requested size: 199.8998pt x 186.54973pt.
 [16pdfTeX warning (ext4): destination with the same identifier (name{figure.10
}) has been already used, duplicate ignored

\AtBegShi@Output ...ipout \box \AtBeginShipoutBox 
                                                  \fi \fi 
l.260 
       <./dataAnalysis.png>] [17pdfTeX warning (ext4): destination with the sam
e identifier (name{figure.11}) has been already used, duplicate ignored

\AtBegShi@Output ...ipout \box \AtBeginShipoutBox 
                                                  \fi \fi 
l.260 
      pdfTeX warning (ext4): destination with the same identifier (name{figure.
12}) has been already used, duplicate ignored

\AtBegShi@Output ...ipout \box \AtBeginShipoutBox 
                                                  \fi \fi 
l.260 
       <./stepsInALeg.png> <./segmentsInAStep.png>]
Underfull \hbox (badness 10000) in paragraph at lines 263--265

 []

[18]
Package hyperref Info: bookmark level for unknown lstlisting defaults to 0 on i
nput line 292.
LaTeX Font Info:    Try loading font information for OML+ptm on input line 293.

 (/usr/local/texlive/2012/texmf-dist/tex/latex/psnfss/omlptm.fd
File: omlptm.fd 
)
LaTeX Font Info:    Font shape `OML/ptm/m/n' in size <12> not available
(Font)              Font shape `OML/cmm/m/it' tried instead on input line 293.
 [19]
<veteranMap.png, id=225, 853.1875pt x 568.1225pt>
File: veteranMap.png Graphic file (type png)
 <use veteranMap.png>
Package pdftex.def Info: veteranMap.png used on input line 317.
(pdftex.def)             Requested size: 273.02557pt x 181.8029pt.

<veteranSatellite.png, id=226, 856.19875pt x 566.115pt>
File: veteranSatellite.png Graphic file (type png)

<use veteranSatellite.png>
Package pdftex.def Info: veteranSatellite.png used on input line 318.
(pdftex.def)             Requested size: 273.9892pt x 181.16049pt.
 [20pdfTeX warning (ext4): destination with the same identifier (name{figure.13
}) has been already used, duplicate ignored

\AtBegShi@Output ...ipout \box \AtBeginShipoutBox 
                                                  \fi \fi 
l.323 \newpage
               <./veteranMap.png> <./veteranSatellite.png>]
<uvaAccuracy.png, id=232, 362.3136pt x 238.0092pt>
File: uvaAccuracy.png Graphic file (type png)
 <use uvaAccuracy.png>
Package pdftex.def Info: uvaAccuracy.png used on input line 351.
(pdftex.def)             Requested size: 181.15636pt x 119.0043pt.

<uvbAccuracy.png, id=233, 362.3136pt x 217.7736pt>
File: uvbAccuracy.png Graphic file (type png)
 <use uvbAccuracy.png>
Package pdftex.def Info: uvbAccuracy.png used on input line 352.
(pdftex.def)             Requested size: 199.27309pt x 119.77583pt.

[21pdfTeX warning (ext4): destination with the same identifier (name{table.1}) 
has been already used, duplicate ignored

\AtBegShi@Output ...ipout \box \AtBeginShipoutBox 
                                                  \fi \fi 
l.360 \newpage
              pdfTeX warning (ext4): destination with the same identifier (name
{figure.14}) has been already used, duplicate ignored

\AtBegShi@Output ...ipout \box \AtBeginShipoutBox 
                                                  \fi \fi 
l.360 \newpage
               <./uvaAccuracy.png> <./uvbAccuracy.png>]
<segment2a.png, id=244, 847.165pt x 563.10374pt>
File: segment2a.png Graphic file (type png)
 <use segment2a.png>
Package pdftex.def Info: segment2a.png used on input line 372.
(pdftex.def)             Requested size: 271.09833pt x 180.19687pt.

<segment2b.png, id=245, 849.1725pt x 563.10374pt>
File: segment2b.png Graphic file (type png)
 <use segment2b.png>
Package pdftex.def Info: segment2b.png used on input line 373.
(pdftex.def)             Requested size: 271.74075pt x 180.19687pt.
 [22pdfTeX warning (ext4): destination with the same identifier (name{figure.15
}) has been already used, duplicate ignored

\AtBegShi@Output ...ipout \box \AtBeginShipoutBox 
                                                  \fi \fi 
l.378 \newpage
               <./segment2a.png> <./segment2b.png>]
<segment2uva.png, id=251, 362.3136pt x 238.0092pt>
File: segment2uva.png Graphic file (type png)
 <use segment2uva.png>
Package pdftex.def Info: segment2uva.png used on input line 406.
(pdftex.def)             Requested size: 181.15636pt x 119.0043pt.

<segment2uvb.png, id=252, 362.3136pt x 241.8636pt>
File: segment2uvb.png Graphic file (type png)
 <use segment2uvb.png>
Package pdftex.def Info: segment2uvb.png used on input line 407.
(pdftex.def)             Requested size: 181.15636pt x 120.9315pt.

[23pdfTeX warning (ext4): destination with the same identifier (name{table.2}) 
has been already used, duplicate ignored

\AtBegShi@Output ...ipout \box \AtBeginShipoutBox 
                                                  \fi \fi 
l.415 \newpage
              \newpagepdfTeX warning (ext4): destination with the same identifi
er (name{figure.16}) has been already used, duplicate ignored

\AtBegShi@Output ...ipout \box \AtBeginShipoutBox 
                                                  \fi \fi 
l.415 \newpage
              \newpage <./segment2uva.png> <./segment2uvb.png>]
<segment3a.png, id=263, 842.14626pt x 560.0925pt>
File: segment3a.png Graphic file (type png)
 <use segment3a.png>
Package pdftex.def Info: segment3a.png used on input line 424.
(pdftex.def)             Requested size: 269.49231pt x 179.23326pt.

<segment3b.png, id=264, 851.18pt x 565.11125pt>
File: segment3b.png Graphic file (type png)
 <use segment3b.png>
Package pdftex.def Info: segment3b.png used on input line 425.
(pdftex.def)             Requested size: 272.38315pt x 180.8393pt.
 [24pdfTeX warning (ext4): destination with the same identifier (name{figure.17
}) has been already used, duplicate ignored

\AtBegShi@Output ...ipout \box \AtBeginShipoutBox 
                                                  \fi \fi 
l.430 \newpage
               <./segment3a.png> <./segment3b.png>]
<segment3uva.png, id=271, 362.3136pt x 238.0092pt>
File: segment3uva.png Graphic file (type png)
 <use segment3uva.png>
Package pdftex.def Info: segment3uva.png used on input line 460.
(pdftex.def)             Requested size: 181.15636pt x 119.0043pt.

<segment3uvb.png, id=272, 362.3136pt x 241.8636pt>
File: segment3uvb.png Graphic file (type png)
 <use segment3uvb.png>
Package pdftex.def Info: segment3uvb.png used on input line 461.
(pdftex.def)             Requested size: 181.15636pt x 120.9315pt.

[25pdfTeX warning (ext4): destination with the same identifier (name{table.3}) 
has been already used, duplicate ignored

\AtBegShi@Output ...ipout \box \AtBeginShipoutBox 
                                                  \fi \fi 
l.469 \newpage
              \newpagepdfTeX warning (ext4): destination with the same identifi
er (name{figure.18}) has been already used, duplicate ignored

\AtBegShi@Output ...ipout \box \AtBeginShipoutBox 
                                                  \fi \fi 
l.469 \newpage
              \newpage <./segment3uva.png> <./segment3uvb.png>]
<segment4a.png, id=283, 845.1575pt x 561.09625pt>
File: segment4a.png Graphic file (type png)
 <use segment4a.png>
Package pdftex.def Info: segment4a.png used on input line 478.
(pdftex.def)             Requested size: 270.45592pt x 179.55446pt.

<segment4b.png, id=284, 853.1875pt x 559.08875pt>
File: segment4b.png Graphic file (type png)
 <use segment4b.png>
Package pdftex.def Info: segment4b.png used on input line 479.
(pdftex.def)             Requested size: 273.02557pt x 178.91205pt.
 [26pdfTeX warning (ext4): destination with the same identifier (name{figure.19
}) has been already used, duplicate ignored

\AtBegShi@Output ...ipout \box \AtBeginShipoutBox 
                                                  \fi \fi 
l.484 \newpage
               <./segment4a.png> <./segment4b.png>]
<segment4uva.png, id=290, 362.3136pt x 238.0092pt>
File: segment4uva.png Graphic file (type png)
 <use segment4uva.png>
Package pdftex.def Info: segment4uva.png used on input line 512.
(pdftex.def)             Requested size: 181.15636pt x 119.0043pt.

<segment4uvb.png, id=291, 362.3136pt x 241.8636pt>
File: segment4uvb.png Graphic file (type png)
 <use segment4uvb.png>
Package pdftex.def Info: segment4uvb.png used on input line 513.
(pdftex.def)             Requested size: 181.15636pt x 120.9315pt.

[27pdfTeX warning (ext4): destination with the same identifier (name{table.4}) 
has been already used, duplicate ignored

\AtBegShi@Output ...ipout \box \AtBeginShipoutBox 
                                                  \fi \fi 
l.521 \newpage
              \newpagepdfTeX warning (ext4): destination with the same identifi
er (name{figure.20}) has been already used, duplicate ignored

\AtBegShi@Output ...ipout \box \AtBeginShipoutBox 
                                                  \fi \fi 
l.521 \newpage
              \newpage <./segment4uva.png> <./segment4uvb.png>]
<segment5a.png, id=302, 853.1875pt x 561.09625pt>
File: segment5a.png Graphic file (type png)
 <use segment5a.png>
Package pdftex.def Info: segment5a.png used on input line 530.
(pdftex.def)             Requested size: 273.02557pt x 179.55446pt.

<segment5b.png, id=303, 849.1725pt x 561.09625pt>
File: segment5b.png Graphic file (type png)
 <use segment5b.png>
Package pdftex.def Info: segment5b.png used on input line 531.
(pdftex.def)             Requested size: 271.74075pt x 179.55446pt.
 [28pdfTeX warning (ext4): destination with the same identifier (name{figure.21
}) has been already used, duplicate ignored

\AtBegShi@Output ...ipout \box \AtBeginShipoutBox 
                                                  \fi \fi 
l.536 \newpage
               <./segment5a.png> <./segment5b.png>]
<segment5uva.png, id=309, 362.3136pt x 238.0092pt>
File: segment5uva.png Graphic file (type png)
 <use segment5uva.png>
Package pdftex.def Info: segment5uva.png used on input line 564.
(pdftex.def)             Requested size: 181.15636pt x 119.0043pt.

<segment5uvb.png, id=310, 362.3136pt x 241.8636pt>
File: segment5uvb.png Graphic file (type png)
 <use segment5uvb.png>
Package pdftex.def Info: segment5uvb.png used on input line 565.
(pdftex.def)             Requested size: 181.15636pt x 120.9315pt.

[29pdfTeX warning (ext4): destination with the same identifier (name{table.5}) 
has been already used, duplicate ignored

\AtBegShi@Output ...ipout \box \AtBeginShipoutBox 
                                                  \fi \fi 
l.573 \newpage
              \newpagepdfTeX warning (ext4): destination with the same identifi
er (name{figure.22}) has been already used, duplicate ignored

\AtBegShi@Output ...ipout \box \AtBeginShipoutBox 
                                                  \fi \fi 
l.573 \newpage
              \newpage <./segment5uva.png> <./segment5uvb.png>]
<segment6a.png, id=322, 847.165pt x 559.08875pt>
File: segment6a.png Graphic file (type png)
 <use segment6a.png>
Package pdftex.def Info: segment6a.png used on input line 582.
(pdftex.def)             Requested size: 271.09833pt x 178.91205pt.

<segment6b.png, id=323, 840.13875pt x 560.0925pt>
File: segment6b.png Graphic file (type png)
 <use segment6b.png>
Package pdftex.def Info: segment6b.png used on input line 583.
(pdftex.def)             Requested size: 268.84988pt x 179.23326pt.
 [30pdfTeX warning (ext4): destination with the same identifier (name{figure.23
}) has been already used, duplicate ignored

\AtBegShi@Output ...ipout \box \AtBeginShipoutBox 
                                                  \fi \fi 
l.588 \newpage
               <./segment6a.png> <./segment6b.png>]
<segment6uva.png, id=329, 362.3136pt x 238.0092pt>
File: segment6uva.png Graphic file (type png)
 <use segment6uva.png>
Package pdftex.def Info: segment6uva.png used on input line 616.
(pdftex.def)             Requested size: 181.15636pt x 119.0043pt.

<segment6uvb.png, id=330, 362.3136pt x 241.8636pt>
File: segment6uvb.png Graphic file (type png)
 <use segment6uvb.png>
Package pdftex.def Info: segment6uvb.png used on input line 617.
(pdftex.def)             Requested size: 181.15636pt x 120.9315pt.

[31pdfTeX warning (ext4): destination with the same identifier (name{table.6}) 
has been already used, duplicate ignored

\AtBegShi@Output ...ipout \box \AtBeginShipoutBox 
                                                  \fi \fi 
l.625 \newpage
              \newpagepdfTeX warning (ext4): destination with the same identifi
er (name{figure.24}) has been already used, duplicate ignored

\AtBegShi@Output ...ipout \box \AtBeginShipoutBox 
                                                  \fi \fi 
l.625 \newpage
              \newpage <./segment6uva.png> <./segment6uvb.png>]
<segment7a.png, id=342, 846.16125pt x 559.08875pt>
File: segment7a.png Graphic file (type png)
 <use segment7a.png>
Package pdftex.def Info: segment7a.png used on input line 634.
(pdftex.def)             Requested size: 270.77713pt x 178.91205pt.

<segment7b.png, id=343, 844.15375pt x 552.0625pt>
File: segment7b.png Graphic file (type png)
 <use segment7b.png>
Package pdftex.def Info: segment7b.png used on input line 635.
(pdftex.def)             Requested size: 270.13472pt x 176.6636pt.
 [32pdfTeX warning (ext4): destination with the same identifier (name{figure.25
}) has been already used, duplicate ignored

\AtBegShi@Output ...ipout \box \AtBeginShipoutBox 
                                                  \fi \fi 
l.640 \newpage
               <./segment7a.png> <./segment7b.png>]
<segment7uva.png, id=349, 362.3136pt x 238.0092pt>
File: segment7uva.png Graphic file (type png)
 <use segment7uva.png>
Package pdftex.def Info: segment7uva.png used on input line 668.
(pdftex.def)             Requested size: 181.15636pt x 119.0043pt.

<segment7uvb.png, id=350, 362.3136pt x 241.8636pt>
File: segment7uvb.png Graphic file (type png)
 <use segment7uvb.png>
Package pdftex.def Info: segment7uvb.png used on input line 669.
(pdftex.def)             Requested size: 181.15636pt x 120.9315pt.

[33pdfTeX warning (ext4): destination with the same identifier (name{table.7}) 
has been already used, duplicate ignored

\AtBegShi@Output ...ipout \box \AtBeginShipoutBox 
                                                  \fi \fi 
l.677 \newpage
              pdfTeX warning (ext4): destination with the same identifier (name
{figure.26}) has been already used, duplicate ignored

\AtBegShi@Output ...ipout \box \AtBeginShipoutBox 
                                                  \fi \fi 
l.677 \newpage
               <./segment7uva.png> <./segment7uvb.png>]
<lessReadings.png, id=361, 630.355pt x 543.02875pt>
File: lessReadings.png Graphic file (type png)
 <use lessReadings.png>
Package pdftex.def Info: lessReadings.png used on input line 689.
(pdftex.def)             Requested size: 220.62755pt x 190.0629pt.

[34pdfTeX warning (ext4): destination with the same identifier (name{figure.27}
) has been already used, duplicate ignored

\AtBegShi@Output ...ipout \box \AtBeginShipoutBox 
                                                  \fi \fi 
l.695 
       <./lessReadings.png>] [35]
<webServiceOutput.png, id=374, 757.83125pt x 639.38875pt>
File: webServiceOutput.png Graphic file (type png)

<use webServiceOutput.png>
Package pdftex.def Info: webServiceOutput.png used on input line 704.
(pdftex.def)             Requested size: 303.12714pt x 255.75096pt.


LaTeX Warning: `h' float specifier changed to `ht'.

[36] [37pdfTeX warning (ext4): destination with the same identifier (name{figur
e.28}) has been already used, duplicate ignored

\AtBegShi@Output ...ipout \box \AtBeginShipoutBox 
                                                  \fi \fi 
l.709 \clearpage
                 <./webServiceOutput.png>]
<webapp1.png, id=388, 1238.6275pt x 504.88625pt>
File: webapp1.png Graphic file (type png)
 <use webapp1.png>
Package pdftex.def Info: webapp1.png used on input line 716.
(pdftex.def)             Requested size: 371.59113pt x 151.46703pt.

<webapp2.png, id=389, 1234.6125pt x 636.3775pt>
File: webapp2.png Graphic file (type png)
 <use webapp2.png>
Package pdftex.def Info: webapp2.png used on input line 723.
(pdftex.def)             Requested size: 432.12085pt x 222.73546pt.

Overfull \hbox (42.12085pt too wide) in paragraph at lines 723--724
 [] 
 []

[38

pdfTeX warning (ext4): destination with the same identifier (name{figure.29}) h
as been already used, duplicate ignored

\AtBegShi@Output ...ipout \box \AtBeginShipoutBox 
                                                  \fi \fi 
l.728 \clearpage
                 <./webapp1.png>] [39pdfTeX warning (ext4): destination with th
e same identifier (name{figure.30}) has been already used, duplicate ignored

\AtBegShi@Output ...ipout \box \AtBeginShipoutBox 
                                                  \fi \fi 
l.728 \clearpage
                 <./webapp2.png>]
Underfull \hbox (badness 10000) in paragraph at lines 750--751

 []

[40

] [41pdfTeX warning (ext4): destination with the same identifier (name{table.8}
) has been already used, duplicate ignored

\AtBegShi@Output ...ipout \box \AtBeginShipoutBox 
                                                  \fi \fi 
l.785 \newpage
              ] [42] [43]
Underfull \hbox (badness 10000) in paragraph at lines 798--799
[]\OT1/ptm/m/n/12 http://articles.mercola.com/sites/articles/archive/2012/03/26
/maximizing-
 []

Package atveryend Info: Empty hook `BeforeClearDocument' on input line 809.
[44]
Package atveryend Info: Empty hook `AfterLastShipout' on input line 809.
 (./report.aux)
Package atveryend Info: Executing hook `AtVeryEndDocument' on input line 809.
Package atveryend Info: Executing hook `AtEndAfterFileList' on input line 809.
Package rerunfilecheck Info: File `report.out' has not changed.
(rerunfilecheck)             Checksum: B5B52E314034A073C2700776D1041C08;1011.


LaTeX Warning: There were multiply-defined labels.

Package atveryend Info: Empty hook `AtVeryVeryEnd' on input line 809.
 ) 
Here is how much of TeX's memory you used:
 7794 strings out of 493488
 113100 string characters out of 3141326
 270123 words of memory out of 3000000
 10822 multiletter control sequences out of 15000+200000
 26419 words of font info for 64 fonts, out of 3000000 for 9000
 957 hyphenation exceptions out of 8191
 30i,10n,32p,1734b,1141s stack positions out of 5000i,500n,10000p,200000b,50000s
{/usr/local/texlive/2012/texmf-dist/fonts/enc/dvips/base/8r.enc}</usr/local/t
exlive/2012/texmf-dist/fonts/type1/public/amsfonts/cm/cmmi12.pfb></usr/local/te
xlive/2012/texmf-dist/fonts/type1/public/amsfonts/cm/cmr8.pfb></usr/local/texli
ve/2012/texmf-dist/fonts/type1/public/amsfonts/cm/cmsy10.pfb></usr/local/texliv
e/2012/texmf-dist/fonts/type1/urw/times/utmb8a.pfb></usr/local/texlive/2012/tex
mf-dist/fonts/type1/urw/times/utmr8a.pfb></usr/local/texlive/2012/texmf-dist/fo
nts/type1/urw/times/utmr8a.pfb></usr/local/texlive/2012/texmf-dist/fonts/type1/
urw/times/utmri8a.pfb>
Output written on report.pdf (44 pages, 12079736 bytes).
PDF statistics:
 495 PDF objects out of 1000 (max. 8388607)
 379 compressed objects within 4 object streams
 133 named destinations out of 1000 (max. 500000)
 341 words of extra memory for PDF output out of 10000 (max. 10000000)

